#
# There is insufficient memory for the Java Runtime Environment to continue.
# Native memory allocation (malloc) failed to allocate 1135696 bytes. Error detail: Chunk::new
# Possible reasons:
#   The system is out of physical RAM or swap space
#   This process is running with CompressedOops enabled, and the Java Heap may be blocking the growth of the native heap
# Possible solutions:
#   Reduce memory load on the system
#   Increase physical memory or swap space
#   Check if swap backing store is full
#   Decrease Java heap size (-Xmx/-Xms)
#   Decrease number of Java threads
#   Decrease Java thread stack sizes (-Xss)
#   Set larger code cache with -XX:ReservedCodeCacheSize=
#   JVM is running with Zero Based Compressed Oops mode in which the Java heap is
#     placed in the first 32GB address space. The Java Heap base address is the
#     maximum limit for the native heap growth. Please use -XX:HeapBaseMinAddress
#     to set the Java Heap base and to place the Java Heap above 32GB virtual address.
# This output file may be truncated or incomplete.
#
#  Out of Memory Error (arena.cpp:162), pid=11684, tid=17116
#
# JRE version: Java(TM) SE Runtime Environment (24.0.1+9) (build 24.0.1+9-30)
# Java VM: Java HotSpot(TM) 64-Bit Server VM (24.0.1+9-30, mixed mode, sharing, tiered, compressed oops, compressed class ptrs, g1 gc, windows-amd64)
# No core dump will be written. Minidumps are not enabled by default on client versions of Windows
#

---------------  S U M M A R Y ------------

Command Line: -javaagent:C:\Program Files\JetBrains\IntelliJ IDEA 2025.1\lib\idea_rt.jar=63732 -Dfile.encoding=UTF-8 -Dsun.stdout.encoding=UTF-8 -Dsun.stderr.encoding=UTF-8 busResv.BusDemo

Host: Intel(R) Core(TM) i7-8650U CPU @ 1.90GHz, 8 cores, 11G,  Windows 11 , 64 bit Build 26100 (10.0.26100.4484)
Time: Fri Jul 25 23:20:00 2025 Sri Lanka Standard Time elapsed time: 0.730171 seconds (0d 0h 0m 0s)

---------------  T H R E A D  ---------------

Current thread (0x0000022623b14590):  JavaThread "C2 CompilerThread0" daemon [_thread_in_native, id=17116, stack(0x000000f063f00000,0x000000f064000000) (1024K)]


Current CompileTask:
C2:730  417       4       java.util.HashMap::put (13 bytes)

Stack: [0x000000f063f00000,0x000000f064000000]
Native frames: (J=compiled Java code, j=interpreted, Vv=VM code, C=native code)
V  [jvm.dll+0x730739]  (no source info available)
V  [jvm.dll+0x8d9b23]  (no source info available)
V  [jvm.dll+0x8dc00d]  (no source info available)
V  [jvm.dll+0x8dc683]  (no source info available)
V  [jvm.dll+0x2aa086]  (no source info available)
V  [jvm.dll+0xcedef]  (no source info available)
V  [jvm.dll+0xcf04f]  (no source info available)
V  [jvm.dll+0x154d83]  (no source info available)
V  [jvm.dll+0x735f5f]  (no source info available)
V  [jvm.dll+0x26fa1c]  (no source info available)
V  [jvm.dll+0x26ea3f]  (no source info available)
V  [jvm.dll+0x1e9d60]  (no source info available)
V  [jvm.dll+0x27e1fb]  (no source info available)
V  [jvm.dll+0x27c49a]  (no source info available)
V  [jvm.dll+0x42f456]  (no source info available)
V  [jvm.dll+0x87d76b]  (no source info available)
V  [jvm.dll+0x72ee55]  (no source info available)
C  [ucrtbase.dll+0x37b0]  (no source info available)
C  [KERNEL32.DLL+0x2e8d7]  (no source info available)
C  [ntdll.dll+0x3c34c]  (no source info available)

Lock stack of current Java thread (top to bottom):


---------------  P R O C E S S  ---------------

Threads class SMR info:
_java_thread_list=0x00000226693b4c50, length=12, elements={
0x0000022605ada7d0, 0x0000022623aff690, 0x0000022623affed0, 0x0000022623b01540,
0x0000022623b04990, 0x0000022623b054c0, 0x0000022623b06120, 0x0000022623b14590,
0x0000022623b17380, 0x0000022623cf0e70, 0x0000022623d0c560, 0x0000022623d0cca0
}

Java Threads: ( => current thread )
  0x0000022605ada7d0 JavaThread "main"                              [_thread_in_native, id=15804, stack(0x000000f063100000,0x000000f063200000) (1024K)]
  0x0000022623aff690 JavaThread "Reference Handler"          daemon [_thread_blocked, id=14772, stack(0x000000f063900000,0x000000f063a00000) (1024K)]
  0x0000022623affed0 JavaThread "Finalizer"                  daemon [_thread_blocked, id=1580, stack(0x000000f063a00000,0x000000f063b00000) (1024K)]
  0x0000022623b01540 JavaThread "Signal Dispatcher"          daemon [_thread_blocked, id=1512, stack(0x000000f063b00000,0x000000f063c00000) (1024K)]
  0x0000022623b04990 JavaThread "Attach Listener"            daemon [_thread_in_vm, id=16076, stack(0x000000f063c00000,0x000000f063d00000) (1024K)]
  0x0000022623b054c0 JavaThread "Service Thread"             daemon [_thread_blocked, id=15160, stack(0x000000f063d00000,0x000000f063e00000) (1024K)]
  0x0000022623b06120 JavaThread "Monitor Deflation Thread"   daemon [_thread_blocked, id=17044, stack(0x000000f063e00000,0x000000f063f00000) (1024K)]
=>0x0000022623b14590 JavaThread "C2 CompilerThread0"         daemon [_thread_in_native, id=17116, stack(0x000000f063f00000,0x000000f064000000) (1024K)]
  0x0000022623b17380 JavaThread "C1 CompilerThread0"         daemon [_thread_blocked, id=5796, stack(0x000000f064000000,0x000000f064100000) (1024K)]
  0x0000022623cf0e70 JavaThread "Common-Cleaner"             daemon [_thread_blocked, id=8028, stack(0x000000f064100000,0x000000f064200000) (1024K)]
  0x0000022623d0c560 JavaThread "Monitor Ctrl-Break"         daemon [_thread_in_native, id=8780, stack(0x000000f064200000,0x000000f064300000) (1024K)]
  0x0000022623d0cca0 JavaThread "Notification Thread"        daemon [_thread_blocked, id=8920, stack(0x000000f064300000,0x000000f064400000) (1024K)]
Total: 12

Other Threads:
  0x0000022623af0bf0 VMThread "VM Thread"                           [id=1984, stack(0x000000f063800000,0x000000f063900000) (1024K)]
  0x0000022623ae5940 WatcherThread "VM Periodic Task Thread"        [id=1552, stack(0x000000f063700000,0x000000f063800000) (1024K)]
  0x0000022605b2e910 WorkerThread "GC Thread#0"                     [id=14748, stack(0x000000f063200000,0x000000f063300000) (1024K)]
  0x0000022605b3e070 ConcurrentGCThread "G1 Main Marker"            [id=4644, stack(0x000000f063300000,0x000000f063400000) (1024K)]
  0x0000022605b41550 WorkerThread "G1 Conc#0"                       [id=16264, stack(0x000000f063400000,0x000000f063500000) (1024K)]
  0x0000022605b9e330 ConcurrentGCThread "G1 Refine#0"               [id=3040, stack(0x000000f063500000,0x000000f063600000) (1024K)]
  0x00000226239a80f0 ConcurrentGCThread "G1 Service"                [id=8380, stack(0x000000f063600000,0x000000f063700000) (1024K)]
Total: 7

Threads with active compile tasks:
C2 CompilerThread0  860  417       4       java.util.HashMap::put (13 bytes)
Total: 1

VM state: not at safepoint (normal execution)

VM Mutex/Monitor currently owned by a thread: None

Heap address: 0x0000000749e00000, size: 2914 MB, Compressed Oops mode: Zero based, Oop shift amount: 3

CDS archive(s) mapped at: [0x0000022624000000-0x0000022624d40000-0x0000022624d40000), size 13893632, SharedBaseAddress: 0x0000022624000000, ArchiveRelocationMode: 1.
Compressed class space mapped at: 0x0000022625000000-0x0000022665000000, reserved size: 1073741824
UseCompressedClassPointers 1, UseCompactObjectHeaders 0
Narrow klass pointer bits 32, Max shift 3
Narrow klass base: 0x0000022624000000, Narrow klass shift: 0
Encoding Range: [0x0000022624000000 - 0x0000022724000000), (4294967296 bytes)
Klass Range:    [0x0000022624000000 - 0x0000022665000000), (1090519040 bytes)
Klass ID Range:  [8 - 1090519033) (1090519025)

GC Precious Log:
 CardTable entry size: 512
 Card Set container configuration: InlinePtr #cards 4 size 8 Array Of Cards #cards 16 size 48 Howl #buckets 8 coarsen threshold 3686 Howl Bitmap #cards 512 size 80 coarsen threshold 460 Card regions per heap region 1 cards per card region 4096
 CPUs: 8 total, 8 available
 Memory: 11651M
 Large Page Support: Disabled
 NUMA Support: Disabled
 Compressed Oops: Enabled (Zero based)
 Heap Region Size: 2M
 Heap Min Capacity: 8M
 Heap Initial Capacity: 184M
 Heap Max Capacity: 2914M
 Pre-touch: Disabled
 Parallel Workers: 8
 Concurrent Workers: 2
 Concurrent Refinement Workers: 8
 Periodic GC: Disabled

Heap:
 garbage-first heap   total reserved 2983936K, committed 190464K, used 7284K [0x0000000749e00000, 0x0000000800000000)
  region size 2048K, 4 young (8192K), 0 survivors (0K)
 Metaspace       used 2609K, committed 2816K, reserved 1114112K
  class space    used 197K, committed 256K, reserved 1048576K

Heap Regions: E=young(eden), S=young(survivor), O=old, HS=humongous(starts), HC=humongous(continues), CS=collection set, F=free, TAMS=top-at-mark-start, PB=parsable bottom
|   0|0x0000000749e00000, 0x0000000749e00000, 0x000000074a000000|  0%| F|  |TAMS 0x0000000749e00000| PB 0x0000000749e00000| Untracked |  0
|   1|0x000000074a000000, 0x000000074a000000, 0x000000074a200000|  0%| F|  |TAMS 0x000000074a000000| PB 0x000000074a000000| Untracked |  0
|   2|0x000000074a200000, 0x000000074a200000, 0x000000074a400000|  0%| F|  |TAMS 0x000000074a200000| PB 0x000000074a200000| Untracked |  0
|   3|0x000000074a400000, 0x000000074a400000, 0x000000074a600000|  0%| F|  |TAMS 0x000000074a400000| PB 0x000000074a400000| Untracked |  0
|   4|0x000000074a600000, 0x000000074a600000, 0x000000074a800000|  0%| F|  |TAMS 0x000000074a600000| PB 0x000000074a600000| Untracked |  0
|   5|0x000000074a800000, 0x000000074a800000, 0x000000074aa00000|  0%| F|  |TAMS 0x000000074a800000| PB 0x000000074a800000| Untracked |  0
|   6|0x000000074aa00000, 0x000000074aa00000, 0x000000074ac00000|  0%| F|  |TAMS 0x000000074aa00000| PB 0x000000074aa00000| Untracked |  0
|   7|0x000000074ac00000, 0x000000074ac00000, 0x000000074ae00000|  0%| F|  |TAMS 0x000000074ac00000| PB 0x000000074ac00000| Untracked |  0
|   8|0x000000074ae00000, 0x000000074ae00000, 0x000000074b000000|  0%| F|  |TAMS 0x000000074ae00000| PB 0x000000074ae00000| Untracked |  0
|   9|0x000000074b000000, 0x000000074b000000, 0x000000074b200000|  0%| F|  |TAMS 0x000000074b000000| PB 0x000000074b000000| Untracked |  0
|  10|0x000000074b200000, 0x000000074b200000, 0x000000074b400000|  0%| F|  |TAMS 0x000000074b200000| PB 0x000000074b200000| Untracked |  0
|  11|0x000000074b400000, 0x000000074b400000, 0x000000074b600000|  0%| F|  |TAMS 0x000000074b400000| PB 0x000000074b400000| Untracked |  0
|  12|0x000000074b600000, 0x000000074b600000, 0x000000074b800000|  0%| F|  |TAMS 0x000000074b600000| PB 0x000000074b600000| Untracked |  0
|  13|0x000000074b800000, 0x000000074b800000, 0x000000074ba00000|  0%| F|  |TAMS 0x000000074b800000| PB 0x000000074b800000| Untracked |  0
|  14|0x000000074ba00000, 0x000000074ba00000, 0x000000074bc00000|  0%| F|  |TAMS 0x000000074ba00000| PB 0x000000074ba00000| Untracked |  0
|  15|0x000000074bc00000, 0x000000074bc00000, 0x000000074be00000|  0%| F|  |TAMS 0x000000074bc00000| PB 0x000000074bc00000| Untracked |  0
|  16|0x000000074be00000, 0x000000074be00000, 0x000000074c000000|  0%| F|  |TAMS 0x000000074be00000| PB 0x000000074be00000| Untracked |  0
|  17|0x000000074c000000, 0x000000074c000000, 0x000000074c200000|  0%| F|  |TAMS 0x000000074c000000| PB 0x000000074c000000| Untracked |  0
|  18|0x000000074c200000, 0x000000074c200000, 0x000000074c400000|  0%| F|  |TAMS 0x000000074c200000| PB 0x000000074c200000| Untracked |  0
|  19|0x000000074c400000, 0x000000074c400000, 0x000000074c600000|  0%| F|  |TAMS 0x000000074c400000| PB 0x000000074c400000| Untracked |  0
|  20|0x000000074c600000, 0x000000074c600000, 0x000000074c800000|  0%| F|  |TAMS 0x000000074c600000| PB 0x000000074c600000| Untracked |  0
|  21|0x000000074c800000, 0x000000074c800000, 0x000000074ca00000|  0%| F|  |TAMS 0x000000074c800000| PB 0x000000074c800000| Untracked |  0
|  22|0x000000074ca00000, 0x000000074ca00000, 0x000000074cc00000|  0%| F|  |TAMS 0x000000074ca00000| PB 0x000000074ca00000| Untracked |  0
|  23|0x000000074cc00000, 0x000000074cc00000, 0x000000074ce00000|  0%| F|  |TAMS 0x000000074cc00000| PB 0x000000074cc00000| Untracked |  0
|  24|0x000000074ce00000, 0x000000074ce00000, 0x000000074d000000|  0%| F|  |TAMS 0x000000074ce00000| PB 0x000000074ce00000| Untracked |  0
|  25|0x000000074d000000, 0x000000074d000000, 0x000000074d200000|  0%| F|  |TAMS 0x000000074d000000| PB 0x000000074d000000| Untracked |  0
|  26|0x000000074d200000, 0x000000074d200000, 0x000000074d400000|  0%| F|  |TAMS 0x000000074d200000| PB 0x000000074d200000| Untracked |  0
|  27|0x000000074d400000, 0x000000074d400000, 0x000000074d600000|  0%| F|  |TAMS 0x000000074d400000| PB 0x000000074d400000| Untracked |  0
|  28|0x000000074d600000, 0x000000074d600000, 0x000000074d800000|  0%| F|  |TAMS 0x000000074d600000| PB 0x000000074d600000| Untracked |  0
|  29|0x000000074d800000, 0x000000074d800000, 0x000000074da00000|  0%| F|  |TAMS 0x000000074d800000| PB 0x000000074d800000| Untracked |  0
|  30|0x000000074da00000, 0x000000074da00000, 0x000000074dc00000|  0%| F|  |TAMS 0x000000074da00000| PB 0x000000074da00000| Untracked |  0
|  31|0x000000074dc00000, 0x000000074dc00000, 0x000000074de00000|  0%| F|  |TAMS 0x000000074dc00000| PB 0x000000074dc00000| Untracked |  0
|  32|0x000000074de00000, 0x000000074de00000, 0x000000074e000000|  0%| F|  |TAMS 0x000000074de00000| PB 0x000000074de00000| Untracked |  0
|  33|0x000000074e000000, 0x000000074e000000, 0x000000074e200000|  0%| F|  |TAMS 0x000000074e000000| PB 0x000000074e000000| Untracked |  0
|  34|0x000000074e200000, 0x000000074e200000, 0x000000074e400000|  0%| F|  |TAMS 0x000000074e200000| PB 0x000000074e200000| Untracked |  0
|  35|0x000000074e400000, 0x000000074e400000, 0x000000074e600000|  0%| F|  |TAMS 0x000000074e400000| PB 0x000000074e400000| Untracked |  0
|  36|0x000000074e600000, 0x000000074e600000, 0x000000074e800000|  0%| F|  |TAMS 0x000000074e600000| PB 0x000000074e600000| Untracked |  0
|  37|0x000000074e800000, 0x000000074e800000, 0x000000074ea00000|  0%| F|  |TAMS 0x000000074e800000| PB 0x000000074e800000| Untracked |  0
|  38|0x000000074ea00000, 0x000000074ea00000, 0x000000074ec00000|  0%| F|  |TAMS 0x000000074ea00000| PB 0x000000074ea00000| Untracked |  0
|  39|0x000000074ec00000, 0x000000074ec00000, 0x000000074ee00000|  0%| F|  |TAMS 0x000000074ec00000| PB 0x000000074ec00000| Untracked |  0
|  40|0x000000074ee00000, 0x000000074ee00000, 0x000000074f000000|  0%| F|  |TAMS 0x000000074ee00000| PB 0x000000074ee00000| Untracked |  0
|  41|0x000000074f000000, 0x000000074f000000, 0x000000074f200000|  0%| F|  |TAMS 0x000000074f000000| PB 0x000000074f000000| Untracked |  0
|  42|0x000000074f200000, 0x000000074f200000, 0x000000074f400000|  0%| F|  |TAMS 0x000000074f200000| PB 0x000000074f200000| Untracked |  0
|  43|0x000000074f400000, 0x000000074f400000, 0x000000074f600000|  0%| F|  |TAMS 0x000000074f400000| PB 0x000000074f400000| Untracked |  0
|  44|0x000000074f600000, 0x000000074f600000, 0x000000074f800000|  0%| F|  |TAMS 0x000000074f600000| PB 0x000000074f600000| Untracked |  0
|  45|0x000000074f800000, 0x000000074f800000, 0x000000074fa00000|  0%| F|  |TAMS 0x000000074f800000| PB 0x000000074f800000| Untracked |  0
|  46|0x000000074fa00000, 0x000000074fa00000, 0x000000074fc00000|  0%| F|  |TAMS 0x000000074fa00000| PB 0x000000074fa00000| Untracked |  0
|  47|0x000000074fc00000, 0x000000074fc00000, 0x000000074fe00000|  0%| F|  |TAMS 0x000000074fc00000| PB 0x000000074fc00000| Untracked |  0
|  48|0x000000074fe00000, 0x000000074fe00000, 0x0000000750000000|  0%| F|  |TAMS 0x000000074fe00000| PB 0x000000074fe00000| Untracked |  0
|  49|0x0000000750000000, 0x0000000750000000, 0x0000000750200000|  0%| F|  |TAMS 0x0000000750000000| PB 0x0000000750000000| Untracked |  0
|  50|0x0000000750200000, 0x0000000750200000, 0x0000000750400000|  0%| F|  |TAMS 0x0000000750200000| PB 0x0000000750200000| Untracked |  0
|  51|0x0000000750400000, 0x0000000750400000, 0x0000000750600000|  0%| F|  |TAMS 0x0000000750400000| PB 0x0000000750400000| Untracked |  0
|  52|0x0000000750600000, 0x0000000750600000, 0x0000000750800000|  0%| F|  |TAMS 0x0000000750600000| PB 0x0000000750600000| Untracked |  0
|  53|0x0000000750800000, 0x0000000750800000, 0x0000000750a00000|  0%| F|  |TAMS 0x0000000750800000| PB 0x0000000750800000| Untracked |  0
|  54|0x0000000750a00000, 0x0000000750a00000, 0x0000000750c00000|  0%| F|  |TAMS 0x0000000750a00000| PB 0x0000000750a00000| Untracked |  0
|  55|0x0000000750c00000, 0x0000000750c00000, 0x0000000750e00000|  0%| F|  |TAMS 0x0000000750c00000| PB 0x0000000750c00000| Untracked |  0
|  56|0x0000000750e00000, 0x0000000750e00000, 0x0000000751000000|  0%| F|  |TAMS 0x0000000750e00000| PB 0x0000000750e00000| Untracked |  0
|  57|0x0000000751000000, 0x0000000751000000, 0x0000000751200000|  0%| F|  |TAMS 0x0000000751000000| PB 0x0000000751000000| Untracked |  0
|  58|0x0000000751200000, 0x0000000751200000, 0x0000000751400000|  0%| F|  |TAMS 0x0000000751200000| PB 0x0000000751200000| Untracked |  0
|  59|0x0000000751400000, 0x0000000751400000, 0x0000000751600000|  0%| F|  |TAMS 0x0000000751400000| PB 0x0000000751400000| Untracked |  0
|  60|0x0000000751600000, 0x0000000751600000, 0x0000000751800000|  0%| F|  |TAMS 0x0000000751600000| PB 0x0000000751600000| Untracked |  0
|  61|0x0000000751800000, 0x0000000751800000, 0x0000000751a00000|  0%| F|  |TAMS 0x0000000751800000| PB 0x0000000751800000| Untracked |  0
|  62|0x0000000751a00000, 0x0000000751a00000, 0x0000000751c00000|  0%| F|  |TAMS 0x0000000751a00000| PB 0x0000000751a00000| Untracked |  0
|  63|0x0000000751c00000, 0x0000000751c00000, 0x0000000751e00000|  0%| F|  |TAMS 0x0000000751c00000| PB 0x0000000751c00000| Untracked |  0
|  64|0x0000000751e00000, 0x0000000751e00000, 0x0000000752000000|  0%| F|  |TAMS 0x0000000751e00000| PB 0x0000000751e00000| Untracked |  0
|  65|0x0000000752000000, 0x0000000752000000, 0x0000000752200000|  0%| F|  |TAMS 0x0000000752000000| PB 0x0000000752000000| Untracked |  0
|  66|0x0000000752200000, 0x0000000752200000, 0x0000000752400000|  0%| F|  |TAMS 0x0000000752200000| PB 0x0000000752200000| Untracked |  0
|  67|0x0000000752400000, 0x0000000752400000, 0x0000000752600000|  0%| F|  |TAMS 0x0000000752400000| PB 0x0000000752400000| Untracked |  0
|  68|0x0000000752600000, 0x0000000752600000, 0x0000000752800000|  0%| F|  |TAMS 0x0000000752600000| PB 0x0000000752600000| Untracked |  0
|  69|0x0000000752800000, 0x0000000752800000, 0x0000000752a00000|  0%| F|  |TAMS 0x0000000752800000| PB 0x0000000752800000| Untracked |  0
|  70|0x0000000752a00000, 0x0000000752a00000, 0x0000000752c00000|  0%| F|  |TAMS 0x0000000752a00000| PB 0x0000000752a00000| Untracked |  0
|  71|0x0000000752c00000, 0x0000000752c00000, 0x0000000752e00000|  0%| F|  |TAMS 0x0000000752c00000| PB 0x0000000752c00000| Untracked |  0
|  72|0x0000000752e00000, 0x0000000752e00000, 0x0000000753000000|  0%| F|  |TAMS 0x0000000752e00000| PB 0x0000000752e00000| Untracked |  0
|  73|0x0000000753000000, 0x0000000753000000, 0x0000000753200000|  0%| F|  |TAMS 0x0000000753000000| PB 0x0000000753000000| Untracked |  0
|  74|0x0000000753200000, 0x0000000753200000, 0x0000000753400000|  0%| F|  |TAMS 0x0000000753200000| PB 0x0000000753200000| Untracked |  0
|  75|0x0000000753400000, 0x0000000753400000, 0x0000000753600000|  0%| F|  |TAMS 0x0000000753400000| PB 0x0000000753400000| Untracked |  0
|  76|0x0000000753600000, 0x0000000753600000, 0x0000000753800000|  0%| F|  |TAMS 0x0000000753600000| PB 0x0000000753600000| Untracked |  0
|  77|0x0000000753800000, 0x0000000753800000, 0x0000000753a00000|  0%| F|  |TAMS 0x0000000753800000| PB 0x0000000753800000| Untracked |  0
|  78|0x0000000753a00000, 0x0000000753a00000, 0x0000000753c00000|  0%| F|  |TAMS 0x0000000753a00000| PB 0x0000000753a00000| Untracked |  0
|  79|0x0000000753c00000, 0x0000000753c00000, 0x0000000753e00000|  0%| F|  |TAMS 0x0000000753c00000| PB 0x0000000753c00000| Untracked |  0
|  80|0x0000000753e00000, 0x0000000753e00000, 0x0000000754000000|  0%| F|  |TAMS 0x0000000753e00000| PB 0x0000000753e00000| Untracked |  0
|  81|0x0000000754000000, 0x0000000754000000, 0x0000000754200000|  0%| F|  |TAMS 0x0000000754000000| PB 0x0000000754000000| Untracked |  0
|  82|0x0000000754200000, 0x0000000754200000, 0x0000000754400000|  0%| F|  |TAMS 0x0000000754200000| PB 0x0000000754200000| Untracked |  0
|  83|0x0000000754400000, 0x0000000754400000, 0x0000000754600000|  0%| F|  |TAMS 0x0000000754400000| PB 0x0000000754400000| Untracked |  0
|  84|0x0000000754600000, 0x0000000754600000, 0x0000000754800000|  0%| F|  |TAMS 0x0000000754600000| PB 0x0000000754600000| Untracked |  0
|  85|0x0000000754800000, 0x0000000754800000, 0x0000000754a00000|  0%| F|  |TAMS 0x0000000754800000| PB 0x0000000754800000| Untracked |  0
|  86|0x0000000754a00000, 0x0000000754a00000, 0x0000000754c00000|  0%| F|  |TAMS 0x0000000754a00000| PB 0x0000000754a00000| Untracked |  0
|  87|0x0000000754c00000, 0x0000000754c00000, 0x0000000754e00000|  0%| F|  |TAMS 0x0000000754c00000| PB 0x0000000754c00000| Untracked |  0
|  88|0x0000000754e00000, 0x0000000754feb988, 0x0000000755000000| 96%| E|  |TAMS 0x0000000754e00000| PB 0x0000000754e00000| Complete |  0
|  89|0x0000000755000000, 0x0000000755200000, 0x0000000755200000|100%| E|CS|TAMS 0x0000000755000000| PB 0x0000000755000000| Complete |  0
|  90|0x0000000755200000, 0x0000000755400000, 0x0000000755400000|100%| E|CS|TAMS 0x0000000755200000| PB 0x0000000755200000| Complete |  0
|  91|0x0000000755400000, 0x0000000755600000, 0x0000000755600000|100%| E|CS|TAMS 0x0000000755400000| PB 0x0000000755400000| Complete |  0
|1456|0x00000007ffe00000, 0x00000007fff1d1c0, 0x0000000800000000| 55%| O|  |TAMS 0x00000007ffe00000| PB 0x00000007ffe00000| Untracked |  0

Card table byte_map: [0x000002261dd90000,0x000002261e350000] _byte_map_base: 0x000002261a341000

Marking Bits: (CMBitMap*) 0x0000022605b2f020
 Bits: [0x000002261e350000, 0x00000226210d8000)

Polling page: 0x0000022603840000

Metaspace:

Usage:
  Non-class:      2.42 MB used.
      Class:    204.22 KB used.
       Both:      2.62 MB used.

Virtual space:
  Non-class space:       64.00 MB reserved,       2.56 MB (  4%) committed,  1 nodes.
      Class space:        1.00 GB reserved,     256.00 KB ( <1%) committed,  1 nodes.
             Both:        1.06 GB reserved,       2.81 MB ( <1%) committed. 

Chunk freelists:
   Non-Class:  11.93 MB
       Class:  15.72 MB
        Both:  27.65 MB

MaxMetaspaceSize: unlimited
CompressedClassSpaceSize: 1.00 GB
Initial GC threshold: 21.00 MB
Current GC threshold: 21.00 MB
CDS: on
 - commit_granule_bytes: 65536.
 - commit_granule_words: 8192.
 - virtual_space_node_default_size: 8388608.
 - enlarge_chunks_in_place: 1.
UseCompressedClassPointers 1, UseCompactObjectHeaders 0
Narrow klass pointer bits 32, Max shift 3
Narrow klass base: 0x0000022624000000, Narrow klass shift: 0
Encoding Range: [0x0000022624000000 - 0x0000022724000000), (4294967296 bytes)
Klass Range:    [0x0000022624000000 - 0x0000022665000000), (1090519040 bytes)
Klass ID Range:  [8 - 1090519033) (1090519025)


Internal statistics:

num_allocs_failed_limit: 0.
num_arena_births: 50.
num_arena_deaths: 0.
num_vsnodes_births: 2.
num_vsnodes_deaths: 0.
num_space_committed: 46.
num_space_uncommitted: 0.
num_chunks_returned_to_freelist: 0.
num_chunks_taken_from_freelist: 62.
num_chunk_merges: 0.
num_chunk_splits: 39.
num_chunks_enlarged: 18.
num_inconsistent_stats: 0.

CodeHeap 'non-profiled nmethods': size=120064Kb used=156Kb max_used=156Kb free=119907Kb
 bounds [0x0000022615e40000, 0x00000226160b0000, 0x000002261d380000]
CodeHeap 'profiled nmethods': size=120000Kb used=549Kb max_used=549Kb free=119450Kb
 bounds [0x000002260e380000, 0x000002260e5f0000, 0x00000226158b0000]
CodeHeap 'non-nmethods': size=5696Kb used=1306Kb max_used=1306Kb free=4389Kb
 bounds [0x00000226158b0000, 0x0000022615b20000, 0x0000022615e40000]
CodeCache: size=245760Kb, used=2011Kb, max_used=2011Kb, free=243746Kb
 total_blobs=942, nmethods=473, adapters=374, full_count=0
Compilation: enabled, stopped_count=0, restarted_count=0

Compilation events (20 events):
Event: 0.379 Thread 0x0000022623b17380 nmethod 412 0x000002260e3ef688 code [0x000002260e3ef7a0, 0x000002260e3ef9b8]
Event: 0.379 Thread 0x0000022623b17380  428       3       java.nio.Buffer::session (20 bytes)
Event: 0.380 Thread 0x0000022623b17380 nmethod 428 0x000002260e3efa08 code [0x000002260e3efb40, 0x000002260e3efdf0]
Event: 0.380 Thread 0x0000022623b17380  429       3       java.nio.Buffer::checkIndex (12 bytes)
Event: 0.380 Thread 0x0000022623b17380 nmethod 429 0x000002260e3efe08 code [0x000002260e3eff20, 0x000002260e3f0078]
Event: 0.380 Thread 0x0000022623b17380  416       1       java.nio.Buffer::limit (5 bytes)
Event: 0.380 Thread 0x0000022623b17380 nmethod 416 0x0000022615e62888 code [0x0000022615e62980, 0x0000022615e62a48]
Event: 0.380 Thread 0x0000022623b17380  430   !   3       java.nio.DirectByteBuffer::get (34 bytes)
Event: 0.381 Thread 0x0000022623b17380 nmethod 430 0x000002260e3f0108 code [0x000002260e3f02c0, 0x000002260e3f0ca8]
Event: 0.381 Thread 0x0000022623b17380  431       3       java.nio.DirectByteBuffer::ix (10 bytes)
Event: 0.381 Thread 0x0000022623b17380 nmethod 431 0x000002260e3f0d08 code [0x000002260e3f0e20, 0x000002260e3f0f30]
Event: 0.381 Thread 0x0000022623b17380  432   !   3       jdk.internal.misc.ScopedMemoryAccess::getByte (16 bytes)
Event: 0.382 Thread 0x0000022623b17380 nmethod 432 0x000002260e3f1008 code [0x000002260e3f1160, 0x000002260e3f1538]
Event: 0.382 Thread 0x0000022623b17380  433   !   3       jdk.internal.misc.ScopedMemoryAccess::getByteInternal (34 bytes)
Event: 0.382 Thread 0x0000022623b17380 nmethod 433 0x000002260e3f1588 code [0x000002260e3f16c0, 0x000002260e3f1918]
Event: 0.382 Thread 0x0000022623b17380  388       1       java.util.LinkedHashMap::removeEldestEntry (2 bytes)
Event: 0.382 Thread 0x0000022623b17380 nmethod 388 0x0000022615e62b88 code [0x0000022615e62c80, 0x0000022615e62d48]
Event: 0.383 Thread 0x0000022623b17380  398       3       java.io.DataInputStream::readUTF (5 bytes)
Event: 0.383 Thread 0x0000022623b17380 nmethod 398 0x000002260e3f1988 code [0x000002260e3f1aa0, 0x000002260e3f1bd0]
Event: 0.383 Thread 0x0000022623b17380  399       3       java.io.DataInputStream::readUTF (601 bytes)

GC Heap History (0 events):
No events

Dll operation events (9 events):
Event: 0.025 Loaded shared library C:\Program Files\Java\jdk-24\bin\java.dll
Event: 0.083 Loaded shared library C:\Program Files\Java\jdk-24\bin\jsvml.dll
Event: 0.179 Loaded shared library C:\Program Files\Java\jdk-24\bin\zip.dll
Event: 0.187 Loaded shared library C:\Program Files\Java\jdk-24\bin\instrument.dll
Event: 0.197 Loaded shared library C:\Program Files\Java\jdk-24\bin\net.dll
Event: 0.201 Loaded shared library C:\Program Files\Java\jdk-24\bin\nio.dll
Event: 0.218 Loaded shared library C:\Program Files\Java\jdk-24\bin\zip.dll
Event: 0.284 Loaded shared library C:\Program Files\Java\jdk-24\bin\extnet.dll
Event: 0.288 Loaded shared library C:\Program Files\Java\jdk-24\bin\jimage.dll

Deoptimization events (14 events):
Event: 0.307 Thread 0x0000022623b04990 Uncommon trap: trap_request=0xffffff4d fr.pc=0x0000022615e51178 relative=0x0000000000000078
Event: 0.307 Thread 0x0000022623b04990 Uncommon trap: reason=unstable_if action=reinterpret pc=0x0000022615e51178 method=jdk.internal.misc.Unsafe.convEndian(ZS)S @ 4 c2
Event: 0.307 Thread 0x0000022623b04990 DEOPT PACKING pc=0x0000022615e51178 sp=0x000000f063cfdfd0
Event: 0.307 Thread 0x0000022623b04990 DEOPT UNPACKING pc=0x00000226159c5c02 sp=0x000000f063cfdf00 mode 2
Event: 0.327 Thread 0x0000022623b04990 Uncommon trap: trap_request=0xffffff4d fr.pc=0x0000022615e5b3a4 relative=0x0000000000000144
Event: 0.327 Thread 0x0000022623b04990 Uncommon trap: reason=unstable_if action=reinterpret pc=0x0000022615e5b3a4 method=java.util.regex.Pattern$BmpCharPropertyGreedy.match(Ljava/util/regex/Matcher;ILjava/lang/CharSequence;)Z @ 12 c2
Event: 0.327 Thread 0x0000022623b04990 DEOPT PACKING pc=0x0000022615e5b3a4 sp=0x000000f063cfe8a0
Event: 0.327 Thread 0x0000022623b04990 DEOPT UNPACKING pc=0x00000226159c5c02 sp=0x000000f063cfe838 mode 2
Event: 0.327 Thread 0x0000022623b04990 Uncommon trap: trap_request=0xffffff4d fr.pc=0x0000022615e4ecf8 relative=0x00000000000006b8
Event: 0.327 Thread 0x0000022623b04990 Uncommon trap: reason=unstable_if action=reinterpret pc=0x0000022615e4ecf8 method=java.util.HashMap.putVal(ILjava/lang/Object;Ljava/lang/Object;ZZ)Ljava/lang/Object; @ 69 c2
Event: 0.327 Thread 0x0000022623b04990 DEOPT PACKING pc=0x0000022615e4ecf8 sp=0x000000f063cfeab0
Event: 0.327 Thread 0x0000022623b04990 DEOPT UNPACKING pc=0x00000226159c5c02 sp=0x000000f063cfea30 mode 2
Event: 0.336 Thread 0x0000022623b04990 DEOPT PACKING pc=0x000002260e3aa830 sp=0x000000f063cfda00
Event: 0.336 Thread 0x0000022623b04990 DEOPT UNPACKING pc=0x0000022615905722 sp=0x000000f063cfce38 mode 0

Classes loaded (20 events):
Event: 0.378 Loading class jdk/internal/logger/LazyLoggers
Event: 0.378 Loading class jdk/internal/logger/LazyLoggers done
Event: 0.378 Loading class jdk/internal/logger/LazyLoggers$1
Event: 0.378 Loading class jdk/internal/logger/LazyLoggers$1 done
Event: 0.378 Loading class jdk/internal/logger/LazyLoggers$LazyLoggerFactories
Event: 0.378 Loading class jdk/internal/logger/LazyLoggers$LazyLoggerFactories done
Event: 0.381 Loading class jdk/internal/logger/LazyLoggers$JdkLazyLogger
Event: 0.381 Loading class jdk/internal/logger/LazyLoggers$LazyLoggerWrapper
Event: 0.381 Loading class jdk/internal/logger/AbstractLoggerWrapper
Event: 0.381 Loading class jdk/internal/logger/AbstractLoggerWrapper done
Event: 0.382 Loading class jdk/internal/logger/LazyLoggers$LazyLoggerWrapper done
Event: 0.382 Loading class jdk/internal/logger/LazyLoggers$JdkLazyLogger done
Event: 0.382 Loading class jdk/internal/logger/LazyLoggers$LazyLoggerAccessor
Event: 0.382 Loading class jdk/internal/logger/LazyLoggers$LoggerAccessor
Event: 0.382 Loading class jdk/internal/logger/LazyLoggers$LoggerAccessor done
Event: 0.382 Loading class jdk/internal/logger/LazyLoggers$LazyLoggerAccessor done
Event: 0.382 Loading class sun/management/jmxremote/ConnectorBootstrap$PermanentExporter
Event: 0.382 Loading class com/sun/jmx/remote/internal/rmi/RMIExporter
Event: 0.382 Loading class com/sun/jmx/remote/internal/rmi/RMIExporter done
Event: 0.382 Loading class sun/management/jmxremote/ConnectorBootstrap$PermanentExporter done

Classes unloaded (0 events):
No events

Classes redefined (0 events):
No events

Internal exceptions (7 events):
Event: 0.231 Thread 0x0000022605ada7d0 Exception <a 'java/lang/NoSuchMethodError'{0x0000000755266c48}: 'void java.lang.invoke.DirectMethodHandle$Holder.invokeStatic(java.lang.Object, java.lang.Object, java.lang.Object)'> (0x0000000755266c48) 
thrown [s\open\src\hotspot\share\interpreter\linkResolver.cpp, line 805]
Event: 0.246 Thread 0x0000022605ada7d0 Exception <a 'java/lang/NoSuchMethodError'{0x000000075529b808}: 'java.lang.Object java.lang.invoke.Invokers$Holder.invokeExact_MT(java.lang.Object, java.lang.Object, java.lang.Object, java.lang.Object, java.lang.Object)'> (0x000000075529b808) 
thrown [s\open\src\hotspot\share\interpreter\linkResolver.cpp, line 805]
Event: 0.279 Thread 0x0000022623d0c560 Exception <a 'java/lang/NoSuchMethodError'{0x00000007553f12f0}: 'java.lang.Object java.lang.invoke.DirectMethodHandle$Holder.invokeStaticInit(java.lang.Object)'> (0x00000007553f12f0) 
thrown [s\open\src\hotspot\share\interpreter\linkResolver.cpp, line 805]
Event: 0.288 Thread 0x0000022623d0c560 Exception <a 'java/lang/NoSuchMethodError'{0x00000007553fbbe0}: 'void java.lang.invoke.DirectMethodHandle$Holder.invokeStatic(java.lang.Object, java.lang.Object)'> (0x00000007553fbbe0) 
thrown [s\open\src\hotspot\share\interpreter\linkResolver.cpp, line 805]
Event: 0.329 Thread 0x0000022605ada7d0 Exception <a 'java/lang/NoSuchMethodError'{0x000000075515ebf8}: 'java.lang.Object java.lang.invoke.DelegatingMethodHandle$Holder.reinvoke_L(java.lang.Object, java.lang.Object, int, int, int)'> (0x000000075515ebf8) 
thrown [s\open\src\hotspot\share\interpreter\linkResolver.cpp, line 805]
Event: 0.363 Thread 0x0000022623b04990 Exception <a 'java/lang/NoSuchMethodError'{0x0000000754eb6ff8}: 'java.lang.Object java.lang.invoke.DirectMethodHandle$Holder.newInvokeSpecial(java.lang.Object, java.lang.Object, java.lang.Object, int)'> (0x0000000754eb6ff8) 
thrown [s\open\src\hotspot\share\interpreter\linkResolver.cpp, line 805]
Event: 0.365 Thread 0x0000022623b04990 Exception <a 'java/lang/NoSuchMethodError'{0x0000000754ebfbf0}: 'java.lang.Object java.lang.invoke.Invokers$Holder.linkToTargetMethod(java.lang.Object, java.lang.Object, int, java.lang.Object)'> (0x0000000754ebfbf0) 
thrown [s\open\src\hotspot\share\interpreter\linkResolver.cpp, line 805]

VM Operations (2 events):
Event: 0.140 Executing VM operation: HandshakeAllThreads (Deoptimize)
Event: 0.140 Executing VM operation: HandshakeAllThreads (Deoptimize) done

Memory protections (0 events):
No events

Nmethod flushes (0 events):
No events

Events (13 events):
Event: 0.052 Thread 0x0000022605ada7d0 Thread added: 0x0000022605ada7d0
Event: 0.077 Thread 0x0000022605ada7d0 Thread added: 0x0000022623aff690
Event: 0.077 Thread 0x0000022605ada7d0 Thread added: 0x0000022623affed0
Event: 0.078 Thread 0x0000022605ada7d0 Thread added: 0x0000022623b01540
Event: 0.078 Thread 0x0000022605ada7d0 Thread added: 0x0000022623b04990
Event: 0.078 Thread 0x0000022605ada7d0 Thread added: 0x0000022623b054c0
Event: 0.078 Thread 0x0000022605ada7d0 Thread added: 0x0000022623b06120
Event: 0.078 Thread 0x0000022605ada7d0 Thread added: 0x0000022623b14590
Event: 0.079 Thread 0x0000022605ada7d0 Thread added: 0x0000022623b17380
Event: 0.193 Thread 0x0000022605ada7d0 Thread added: 0x0000022623cf0e70
Event: 0.254 Thread 0x0000022605ada7d0 Thread added: 0x0000022623d0c560
Event: 0.254 Thread 0x0000022605ada7d0 Thread added: 0x0000022623d0cca0
Event: 0.310 Thread 0x0000022623b17380 Thread added: 0x0000022623d75600


Dynamic libraries:
0x00007ff7f2f40000 - 0x00007ff7f2f50000 	C:\Program Files\Java\jdk-24\bin\java.exe
0x00007fff471e0000 - 0x00007fff47448000 	C:\WINDOWS\SYSTEM32\ntdll.dll
0x00007fff45fd0000 - 0x00007fff46099000 	C:\WINDOWS\System32\KERNEL32.DLL
0x00007fff448f0000 - 0x00007fff44cdd000 	C:\WINDOWS\System32\KERNELBASE.dll
0x00007fff447a0000 - 0x00007fff448eb000 	C:\WINDOWS\System32\ucrtbase.dll
0x00007fff3d490000 - 0x00007fff3d4ab000 	C:\Program Files\Java\jdk-24\bin\VCRUNTIME140.dll
0x00007fff39fd0000 - 0x00007fff39fe6000 	C:\Program Files\Java\jdk-24\bin\jli.dll
0x00007fff44f80000 - 0x00007fff4514c000 	C:\WINDOWS\System32\USER32.dll
0x00007fff44330000 - 0x00007fff44357000 	C:\WINDOWS\System32\win32u.dll
0x00007fff2b5e0000 - 0x00007fff2b87a000 	C:\WINDOWS\WinSxS\amd64_microsoft.windows.common-controls_6595b64144ccf1df_6.0.26100.4484_none_3e0e6d4ce32ef3b3\COMCTL32.dll
0x00007fff45600000 - 0x00007fff4562b000 	C:\WINDOWS\System32\GDI32.dll
0x00007fff454a0000 - 0x00007fff45549000 	C:\WINDOWS\System32\msvcrt.dll
0x00007fff44e40000 - 0x00007fff44f77000 	C:\WINDOWS\System32\gdi32full.dll
0x00007fff44570000 - 0x00007fff44613000 	C:\WINDOWS\System32\msvcp_win.dll
0x00007fff46b20000 - 0x00007fff46b4f000 	C:\WINDOWS\System32\IMM32.DLL
0x00007fff3d110000 - 0x00007fff3d11c000 	C:\Program Files\Java\jdk-24\bin\vcruntime140_1.dll
0x00007ffefb310000 - 0x00007ffefb39e000 	C:\Program Files\Java\jdk-24\bin\msvcp140.dll
0x00007ffec9830000 - 0x00007ffeca5d2000 	C:\Program Files\Java\jdk-24\bin\server\jvm.dll
0x00007fff46b60000 - 0x00007fff46c14000 	C:\WINDOWS\System32\ADVAPI32.dll
0x00007fff46790000 - 0x00007fff46836000 	C:\WINDOWS\System32\sechost.dll
0x00007fff45150000 - 0x00007fff45268000 	C:\WINDOWS\System32\RPCRT4.dll
0x00007fff46710000 - 0x00007fff46784000 	C:\WINDOWS\System32\WS2_32.dll
0x00007fff44180000 - 0x00007fff441de000 	C:\WINDOWS\SYSTEM32\POWRPROF.dll
0x00007fff2bc10000 - 0x00007fff2bc45000 	C:\WINDOWS\SYSTEM32\WINMM.dll
0x00007fff2d1c0000 - 0x00007fff2d1cb000 	C:\WINDOWS\SYSTEM32\VERSION.dll
0x00007fff44160000 - 0x00007fff44174000 	C:\WINDOWS\SYSTEM32\UMPDC.dll
0x00007fff43090000 - 0x00007fff430ab000 	C:\WINDOWS\SYSTEM32\kernel.appcore.dll
0x00007fff32a10000 - 0x00007fff32a1a000 	C:\Program Files\Java\jdk-24\bin\jimage.dll
0x00007fff41ab0000 - 0x00007fff41cf1000 	C:\WINDOWS\SYSTEM32\DBGHELP.DLL
0x00007fff462d0000 - 0x00007fff46656000 	C:\WINDOWS\System32\combase.dll
0x00007fff470b0000 - 0x00007fff47190000 	C:\WINDOWS\System32\OLEAUT32.dll
0x00007fff291e0000 - 0x00007fff29223000 	C:\WINDOWS\SYSTEM32\dbgcore.DLL
0x00007fff44da0000 - 0x00007fff44e39000 	C:\WINDOWS\System32\bcryptPrimitives.dll
0x00007fff32a00000 - 0x00007fff32a0f000 	C:\Program Files\Java\jdk-24\bin\instrument.dll
0x00007fff329e0000 - 0x00007fff329fe000 	C:\Program Files\Java\jdk-24\bin\java.dll
0x00007fff460a0000 - 0x00007fff4623e000 	C:\WINDOWS\System32\ole32.dll
0x00007fff45880000 - 0x00007fff45fca000 	C:\WINDOWS\System32\SHELL32.dll
0x00007fff44620000 - 0x00007fff44794000 	C:\WINDOWS\System32\wintypes.dll
0x00007fff41f50000 - 0x00007fff427ab000 	C:\WINDOWS\SYSTEM32\windows.storage.dll
0x00007fff46a20000 - 0x00007fff46b15000 	C:\WINDOWS\System32\SHCORE.dll
0x00007fff46260000 - 0x00007fff462ca000 	C:\WINDOWS\System32\shlwapi.dll
0x00007fff44240000 - 0x00007fff4426f000 	C:\WINDOWS\SYSTEM32\profapi.dll
0x00007ffefa7e0000 - 0x00007ffefa8b7000 	C:\Program Files\Java\jdk-24\bin\jsvml.dll
0x00007fff2c200000 - 0x00007fff2c217000 	C:\Program Files\Java\jdk-24\bin\zip.dll
0x00007fff2c3a0000 - 0x00007fff2c3b0000 	C:\Program Files\Java\jdk-24\bin\net.dll
0x00007fff43600000 - 0x00007fff4366a000 	C:\WINDOWS\system32\mswsock.dll
0x00007fff2c230000 - 0x00007fff2c246000 	C:\Program Files\Java\jdk-24\bin\nio.dll
0x00007fff2c390000 - 0x00007fff2c399000 	C:\Program Files\Java\jdk-24\bin\extnet.dll
0x00007fff42b90000 - 0x00007fff42cb6000 	C:\WINDOWS\SYSTEM32\DNSAPI.dll
0x00007fff42b50000 - 0x00007fff42b83000 	C:\WINDOWS\SYSTEM32\IPHLPAPI.DLL
0x00007fff45300000 - 0x00007fff4530a000 	C:\WINDOWS\System32\NSI.dll
0x00007fff2cc10000 - 0x00007fff2cc1b000 	C:\Windows\System32\rasadhlp.dll
0x00007fff313d0000 - 0x00007fff31456000 	C:\WINDOWS\System32\fwpuclnt.dll
0x00007fff2c350000 - 0x00007fff2c35a000 	C:\Program Files\Java\jdk-24\bin\management.dll
0x00007fff2c260000 - 0x00007fff2c26b000 	C:\Program Files\Java\jdk-24\bin\management_ext.dll
0x00007fff46660000 - 0x00007fff46668000 	C:\WINDOWS\System32\PSAPI.DLL

JVMTI agents:
C:\Program Files\JetBrains\IntelliJ IDEA 2025.1\lib\idea_rt.jar path:C:\Program Files\Java\jdk-24\bin\instrument.dll, loaded, initialized, instrumentlib options:63732

dbghelp: loaded successfully - version: 4.0.5 - missing functions: none
symbol engine: initialized successfully - sym options: 0x614 - pdb path: .;C:\Program Files\Java\jdk-24\bin;C:\WINDOWS\SYSTEM32;C:\WINDOWS\WinSxS\amd64_microsoft.windows.common-controls_6595b64144ccf1df_6.0.26100.4484_none_3e0e6d4ce32ef3b3;C:\Program Files\Java\jdk-24\bin\server

VM Arguments:
jvm_args: -javaagent:C:\Program Files\JetBrains\IntelliJ IDEA 2025.1\lib\idea_rt.jar=63732 -Dfile.encoding=UTF-8 -Dsun.stdout.encoding=UTF-8 -Dsun.stderr.encoding=UTF-8 
java_command: busResv.BusDemo
java_class_path (initial): C:\Project\Java\BusReserveSystem\out\production\BusReserveSystem;C:\NIBM\java\jar\mysql-connector-j-9.4.0\mysql-connector-j-9.4.0.jar
Launcher Type: SUN_STANDARD

[Global flags]
     intx CICompilerCount                          = 4                                         {product} {ergonomic}
     uint ConcGCThreads                            = 2                                         {product} {ergonomic}
     uint G1ConcRefinementThreads                  = 8                                         {product} {ergonomic}
   size_t G1HeapRegionSize                         = 2097152                                   {product} {ergonomic}
   size_t InitialHeapSize                          = 192937984                                 {product} {ergonomic}
   size_t MarkStackSize                            = 4194304                                   {product} {ergonomic}
   size_t MarkStackSizeMax                         = 536870912                                 {product} {ergonomic}
   size_t MaxHeapSize                              = 3055550464                                {product} {ergonomic}
   size_t MaxNewSize                               = 1832910848                                {product} {ergonomic}
   size_t MinHeapDeltaBytes                        = 2097152                                   {product} {ergonomic}
   size_t MinHeapSize                              = 8388608                                   {product} {ergonomic}
    uintx NonNMethodCodeHeapSize                   = 5832704                                {pd product} {ergonomic}
    uintx NonProfiledCodeHeapSize                  = 122945536                              {pd product} {ergonomic}
    uintx ProfiledCodeHeapSize                     = 122880000                              {pd product} {ergonomic}
    uintx ReservedCodeCacheSize                    = 251658240                              {pd product} {ergonomic}
     bool SegmentedCodeCache                       = true                                      {product} {ergonomic}
   size_t SoftMaxHeapSize                          = 3055550464                             {manageable} {ergonomic}
     bool UseCompressedOops                        = true                           {product lp64_product} {ergonomic}
     bool UseG1GC                                  = true                                      {product} {ergonomic}
     bool UseLargePagesIndividualAllocation        = false                                  {pd product} {ergonomic}

Logging:
Log output configuration:
 #0: stdout all=warning uptime,level,tags foldmultilines=false
 #1: stderr all=off uptime,level,tags foldmultilines=false

Environment Variables:
PATH=C:\Program Files\Common Files\Oracle\Java\javapath;C:\WINDOWS\system32;C:\WINDOWS;C:\WINDOWS\System32\Wbem;C:\WINDOWS\System32\WindowsPowerShell\v1.0\;C:\WINDOWS\System32\OpenSSH\;C:\Program Files\Cloudflare\Cloudflare WARP\;C:\Program Files\Microsoft SQL Server\Client SDK\ODBC\170\Tools\Binn\;C:\Program Files\dotnet\;C:\Program Files (x86)\Microsoft SQL Server\160\Tools\Binn\;C:\Program Files\Microsoft SQL Server\160\Tools\Binn\;C:\Program Files\Microsoft SQL Server\160\DTS\Binn\;C:\Program Files\nodejs\;C:\Program Files\Java\jdk-21\bin;C:\MinGW\bin;C:\Program Files\Git\cmd;c:\Users\umrstn\AppData\Local\Programs\cursor\resources\app\bin;c:\Users\umrstn\AppData\Local\Programs\cursor\resources\app\bin;C:\Program Files\MySQL\MySQL Shell 8.0\bin\;C:\Users\umrstn\AppData\Local\Programs\Python\Python312\Scripts\;C:\Users\umrstn\AppData\Local\Programs\Python\Python312\;C:\Users\umrstn\AppData\Local\Programs\Python\Launcher\;C:\Users\umrstn\AppData\Local\Microsoft\WindowsApps;C:\Users\umrstn\AppData\Local\Programs\Microsoft VS Code\bin;C:\Users\umrstn\AppData\Local\Microsoft\WindowsApps;C:\Users\umrstn\AppData\Roaming\npm;C:\MinGW\bin;;C:\Program Files\JetBrains\WebStorm 2024.3\bin;;C:\Users\umrstn\.dotnet\tools;C:\Program Files\JetBrains\IntelliJ IDEA 2025.1\bin;;C:\Users\umrstn\AppData\Local\Programs\cursor\resources\app\bin
USERNAME=umrstn
OS=Windows_NT
PROCESSOR_IDENTIFIER=Intel64 Family 6 Model 142 Stepping 10, GenuineIntel
TMP=C:\Users\umrstn\AppData\Local\Temp
TEMP=C:\Users\umrstn\AppData\Local\Temp




Periodic native trim disabled

---------------  S Y S T E M  ---------------

OS:
 Windows 11 , 64 bit Build 26100 (10.0.26100.4484)
OS uptime: 2 days 23:37 hours
Hyper-V role detected

CPU: total 8 (initial active 8) (4 cores per cpu, 2 threads per core) family 6 model 142 stepping 10 microcode 0xf6, cx8, cmov, fxsr, ht, mmx, 3dnowpref, sse, sse2, sse3, ssse3, sse4.1, sse4.2, popcnt, lzcnt, tsc, tscinvbit, avx, avx2, aes, erms, clmul, bmi1, bmi2, rtm, adx, fma, vzeroupper, clflush, clflushopt, hv, rdtscp, f16c
Processor Information for the first 8 processors :
  Max Mhz: 2112, Current Mhz: 1910, Mhz Limit: 1900

Memory: 4k page, system-wide physical 11651M (2547M free)
TotalPageFile size 11651M (AvailPageFile size 17M)
current process WorkingSet (physical memory assigned to process): 58M, peak: 58M
current process commit charge ("private bytes"): 280M, peak: 280M

vm_info: Java HotSpot(TM) 64-Bit Server VM (24.0.1+9-30) for windows-amd64 JRE (24.0.1+9-30), built on 2025-03-05T07:23:45Z with MS VC++ 17.6 (VS2022)

END.
